{"total": {"lines":{"total":99,"covered":96,"skipped":0,"pct":96.96},"statements":{"total":109,"covered":106,"skipped":0,"pct":97.24},"functions":{"total":24,"covered":24,"skipped":0,"pct":100},"branches":{"total":52,"covered":44,"skipped":0,"pct":84.61},"branchesTrue":{"total":0,"covered":0,"skipped":0,"pct":"Unknown"}}
,"/home/runner/work/vendure-plugin-3rd-party-auth/vendure-plugin-3rd-party-auth/src/constants.ts": {"lines":{"total":5,"covered":5,"skipped":0,"pct":100},"functions":{"total":0,"covered":0,"skipped":0,"pct":100},"statements":{"total":5,"covered":5,"skipped":0,"pct":100},"branches":{"total":0,"covered":0,"skipped":0,"pct":100}}
,"/home/runner/work/vendure-plugin-3rd-party-auth/vendure-plugin-3rd-party-auth/src/cross-strategies-checker.service.ts": {"lines":{"total":9,"covered":9,"skipped":0,"pct":100},"functions":{"total":2,"covered":2,"skipped":0,"pct":100},"statements":{"total":12,"covered":12,"skipped":0,"pct":100},"branches":{"total":9,"covered":7,"skipped":0,"pct":77.77}}
,"/home/runner/work/vendure-plugin-3rd-party-auth/vendure-plugin-3rd-party-auth/src/facebook-auth.service.ts": {"lines":{"total":25,"covered":24,"skipped":0,"pct":96},"functions":{"total":6,"covered":6,"skipped":0,"pct":100},"statements":{"total":26,"covered":25,"skipped":0,"pct":96.15},"branches":{"total":7,"covered":6,"skipped":0,"pct":85.71}}
,"/home/runner/work/vendure-plugin-3rd-party-auth/vendure-plugin-3rd-party-auth/src/facebook-auth.strategy.ts": {"lines":{"total":15,"covered":15,"skipped":0,"pct":100},"functions":{"total":4,"covered":4,"skipped":0,"pct":100},"statements":{"total":16,"covered":16,"skipped":0,"pct":100},"branches":{"total":8,"covered":6,"skipped":0,"pct":75}}
,"/home/runner/work/vendure-plugin-3rd-party-auth/vendure-plugin-3rd-party-auth/src/google-auth.service.ts": {"lines":{"total":9,"covered":8,"skipped":0,"pct":88.88},"functions":{"total":2,"covered":2,"skipped":0,"pct":100},"statements":{"total":10,"covered":9,"skipped":0,"pct":90},"branches":{"total":4,"covered":3,"skipped":0,"pct":75}}
,"/home/runner/work/vendure-plugin-3rd-party-auth/vendure-plugin-3rd-party-auth/src/google-auth.strategy.ts": {"lines":{"total":18,"covered":17,"skipped":0,"pct":94.44},"functions":{"total":4,"covered":4,"skipped":0,"pct":100},"statements":{"total":18,"covered":17,"skipped":0,"pct":94.44},"branches":{"total":16,"covered":14,"skipped":0,"pct":87.5}}
,"/home/runner/work/vendure-plugin-3rd-party-auth/vendure-plugin-3rd-party-auth/src/interfaces.ts": {"lines":{"total":3,"covered":3,"skipped":0,"pct":100},"functions":{"total":1,"covered":1,"skipped":0,"pct":100},"statements":{"total":3,"covered":3,"skipped":0,"pct":100},"branches":{"total":0,"covered":0,"skipped":0,"pct":100}}
,"/home/runner/work/vendure-plugin-3rd-party-auth/vendure-plugin-3rd-party-auth/src/plugin.module.ts": {"lines":{"total":15,"covered":15,"skipped":0,"pct":100},"functions":{"total":5,"covered":5,"skipped":0,"pct":100},"statements":{"total":19,"covered":19,"skipped":0,"pct":100},"branches":{"total":8,"covered":8,"skipped":0,"pct":100}}
}
